<?xml version="1.0" encoding="UTF-8"?>
<testsuite name="hardware.HardwarePwmTest" tests="6" skipped="0" failures="0" errors="0" timestamp="2016-01-10T16:54:15" hostname="UNKNOWN" time="0.221">
  <properties/>
  <testcase name="" classname="hardware.HardwarePwmTest" time="0.216"/>
  <testcase name="" classname="hardware.HardwarePwmTest" time="0.001"/>
  <testcase name="" classname="hardware.HardwarePwmTest" time="0.001"/>
  <testcase name="" classname="hardware.HardwarePwmTest" time="0.001"/>
  <testcase name="" classname="hardware.HardwarePwmTest" time="0.001"/>
  <testcase name="" classname="hardware.HardwarePwmTest" time="0.0"/>
  <system-out><![CDATA[]]></system-out>
  <system-err><![CDATA[]]></system-err>
</testsuite>
